-------------------------------------------------------------------------------
Test set: Contact Group Functionality
-------------------------------------------------------------------------------
Tests run: 5, Failures: 1, Errors: 0, Skipped: 0, Time elapsed: 220.333 s <<< FAILURE! - in Contact Group Functionality
Contact Group Functionality.Creating a new group under Contacts Module  Time elapsed: 51.362 s  <<< FAILURE!
java.lang.AssertionError

